; **************************************
; * Fitxer de missatges en catal…      *
; *                                    *
; * Tomeu Cap¢ Cap¢ 1996 (C)           *
; **************************************

[ERRORS]                                     ; Llistat d'Errors
03 RETURN SENSE GOSUB !!!
05 FUNCI¢ IL.LEGAL
06 VARIABLE SOBRESATURADA
07 SENSE ESPAI DE MEM•RIA
09 INDEX DE LA TAULA FORA DE RANG
11 DIVISI¢ PER ZERO
13 FALLA UNA VARIABLE D'UNA ESTRUCTURA
14 NO HI HA ESPAI EN UNA VARIABLE TEXTE
16 EXPRESI¢ MOLT COMPLEXA
19 CONTROL DE ERROR SENSE RESUME
20 RESUME SENSE EL SISTEMA CTRL ERRORS
24 TEMPS D'ESPERA EXCEDIT
25 FALLA EL PERIFŠRIC DE LA LPT 
27 IMPRESORA SENSE PAPER
40 FALTA UNA VARIABLE
50 CAMP SOBRESATURAT
51 ERROR INTERN AL SISTEMA
52 NOM O N£MERO DE FITXER ERR•NI
53 FITXER NO TROBAT
54 MODE INCORRECTE DE ACCESS A FITXER
55 FITXER JA OBERT
56 SENTŠNCIA FIELD ACTIVA
57 ERROR AMB UNA E/S A UN PERIFŠRIC
58 FITXER JA EXISTEIX
59 REGISTRE DE LONGITUT ERR•NEA
61 DISC PLE
63 N£MERO DE REGISTRE ERR•NI
64 NOM DE FITXER ERR•NI
67 MASSA FITXERS OBERTS
68 PERIFŠRIC NO V…LIT
69 BUFFER DE COMUNICACIONS PLE
70 PERMIS DENEGAT
71 DISC NO PREPARAT
72 ERROR EN EL DISC
75 ACCES A FITXER NO VALIT
76 TRAJECTORIA DE RECERCA NO TROBADA
99 NO PROGRAMAT (DESCONEGUT)

; EOF :-)
